<?xml version="1.0" encoding="UTF-8"?>
<!-- Generated by org.testng.reporters.JUnitReportReporter -->
<testsuite hostname="LAPTOP-I620EJPT" failures="0" tests="1" name="walmart.SignInTest" time="26.811" errors="0" timestamp="2022-03-28T06:21:41 IST" skipped="0">
  <testcase classname="walmart.SignInTest" name="validSignIn" time="26.811"/>
  <system-out/>
</testsuite> <!-- walmart.SignInTest -->
